#
# There is insufficient memory for the Java Runtime Environment to continue.
# Native memory allocation (malloc) failed to allocate 1052096 bytes for Chunk::new
# Possible reasons:
#   The system is out of physical RAM or swap space
#   The process is running with CompressedOops enabled, and the Java Heap may be blocking the growth of the native heap
# Possible solutions:
#   Reduce memory load on the system
#   Increase physical memory or swap space
#   Check if swap backing store is full
#   Decrease Java heap size (-Xmx/-Xms)
#   Decrease number of Java threads
#   Decrease Java thread stack sizes (-Xss)
#   Set larger code cache with -XX:ReservedCodeCacheSize=
#   JVM is running with Unscaled Compressed Oops mode in which the Java heap is
#     placed in the first 4GB address space. The Java Heap base address is the
#     maximum limit for the native heap growth. Please use -XX:HeapBaseMinAddress
#     to set the Java Heap base and to place the Java Heap above 4GB virtual address.
# This output file may be truncated or incomplete.
#
#  Out of Memory Error (./src/hotspot/share/memory/arena.cpp:197), pid=6588, tid=19000
#
# JRE version: OpenJDK Runtime Environment (11.0.11+9) (build 11.0.11+9-b60-7590822)
# Java VM: OpenJDK 64-Bit Server VM (11.0.11+9-b60-7590822, mixed mode, tiered, compressed oops, g1 gc, windows-amd64)
# No core dump will be written. Minidumps are not enabled by default on client versions of Windows
#

---------------  S U M M A R Y ------------

Command Line: --add-opens=java.base/java.util=ALL-UNNAMED --add-opens=java.base/java.lang=ALL-UNNAMED --add-opens=java.base/java.lang.invoke=ALL-UNNAMED --add-opens=java.base/java.util=ALL-UNNAMED --add-opens=java.prefs/java.util.prefs=ALL-UNNAMED --add-opens=java.prefs/java.util.prefs=ALL-UNNAMED --add-opens=java.base/java.nio.charset=ALL-UNNAMED --add-opens=java.base/java.net=ALL-UNNAMED --add-opens=java.base/java.util.concurrent.atomic=ALL-UNNAMED -Xmx2048m -Dfile.encoding=UTF-8 -Duser.country=US -Duser.language=en -Duser.variant org.gradle.launcher.daemon.bootstrap.GradleDaemon 7.2

Host: Intel(R) Core(TM) i7-7500U CPU @ 2.70GHz, 4 cores, 7G,  Windows 10 , 64 bit Build 19041 (10.0.19041.1645)
Time: Wed Apr 27 05:06:18 2022 Pakistan Standard Time elapsed time: 20.212084 seconds (0d 0h 0m 20s)

---------------  T H R E A D  ---------------

Current thread (0x000001ed1f624000):  JavaThread "C2 CompilerThread0" daemon [_thread_in_native, id=19000, stack(0x00000079b0d00000,0x00000079b0e00000)]


Current CompileTask:
C2:  20212 6381 %     4       org.gradle.internal.instantiation.generator.AbstractClassGenerator::inspectType @ 107 (560 bytes)

Stack: [0x00000079b0d00000,0x00000079b0e00000]
Native frames: (J=compiled Java code, j=interpreted, Vv=VM code, C=native code)
V  [jvm.dll+0x5f214a]
V  [jvm.dll+0x726fb5]
V  [jvm.dll+0x7285cd]
V  [jvm.dll+0x728c83]
V  [jvm.dll+0x243278]
V  [jvm.dll+0xbc53c]
V  [jvm.dll+0xbca3c]
V  [jvm.dll+0x2b5c34]
V  [jvm.dll+0x508488]
V  [jvm.dll+0x1fd826]
V  [jvm.dll+0x1fb35f]
V  [jvm.dll+0x183d6c]
V  [jvm.dll+0x209a57]
V  [jvm.dll+0x2082a1]
V  [jvm.dll+0x6ef58f]
V  [jvm.dll+0x6e80b5]
V  [jvm.dll+0x5f1036]
C  [ucrtbase.dll+0x21bb2]
C  [KERNEL32.DLL+0x17034]
C  [ntdll.dll+0x52651]


---------------  P R O C E S S  ---------------

Threads class SMR info:
_java_thread_list=0x000001ed24fb6c70, length=78, elements={
0x000001ed05a1b000, 0x000001ed1f5fe800, 0x000001ed1f600000, 0x000001ed1f61e000,
0x000001ed1f620000, 0x000001ed1f621000, 0x000001ed1f624000, 0x000001ed1f625000,
0x000001ed1f62a000, 0x000001ed200d3000, 0x000001ed21468000, 0x000001ed2193f000,
0x000001ed236cd000, 0x000001ed213bd800, 0x000001ed22399000, 0x000001ed2145b000,
0x000001ed20f2b800, 0x000001ed20f2c800, 0x000001ed22a9f000, 0x000001ed22369000,
0x000001ed2236a800, 0x000001ed22369800, 0x000001ed22368000, 0x000001ed2236b800,
0x000001ed2236c000, 0x000001ed22366800, 0x000001ed2236d000, 0x000001ed22367000,
0x000001ed22618000, 0x000001ed2261a800, 0x000001ed22616800, 0x000001ed2261c000,
0x000001ed22617000, 0x000001ed2261d800, 0x000001ed2261e800, 0x000001ed22618800,
0x000001ed2261f800, 0x000001ed22619800, 0x000001ed22624000, 0x000001ed22623800,
0x000001ed22625000, 0x000001ed22620000, 0x000001ed22621000, 0x000001ed22621800,
0x000001ed22622800, 0x000001ed23dba800, 0x000001ed23dbc000, 0x000001ed23dbe800,
0x000001ed23db9000, 0x000001ed23dbd000, 0x000001ed23dbe000, 0x000001ed23dbf800,
0x000001ed23db9800, 0x000001ed23dc0000, 0x000001ed23dc1000, 0x000001ed23dbb800,
0x000001ed23dc7800, 0x000001ed23dc6800, 0x000001ed23dc2000, 0x000001ed23dc4800,
0x000001ed23dc3800, 0x000001ed23dc2800, 0x000001ed23dc5000, 0x000001ed23dc6000,
0x000001ed22ba2000, 0x000001ed22b9f800, 0x000001ed22b9e800, 0x000001ed22ba1000,
0x000001ed22ba0800, 0x000001ed22b9c000, 0x000001ed22ba3000, 0x000001ed22b9d000,
0x000001ed22ba3800, 0x000001ed22b9e000, 0x000001ed22ba9800, 0x000001ed22baa000,
0x000001ed22ba7800, 0x000001ed22ba7000
}

Java Threads: ( => current thread )
  0x000001ed05a1b000 JavaThread "main" [_thread_blocked, id=19176, stack(0x00000079b0100000,0x00000079b0200000)]
  0x000001ed1f5fe800 JavaThread "Reference Handler" daemon [_thread_blocked, id=18396, stack(0x00000079b0800000,0x00000079b0900000)]
  0x000001ed1f600000 JavaThread "Finalizer" daemon [_thread_blocked, id=7780, stack(0x00000079b0900000,0x00000079b0a00000)]
  0x000001ed1f61e000 JavaThread "Signal Dispatcher" daemon [_thread_blocked, id=5068, stack(0x00000079b0a00000,0x00000079b0b00000)]
  0x000001ed1f620000 JavaThread "Attach Listener" daemon [_thread_blocked, id=18868, stack(0x00000079b0b00000,0x00000079b0c00000)]
  0x000001ed1f621000 JavaThread "Service Thread" daemon [_thread_blocked, id=4204, stack(0x00000079b0c00000,0x00000079b0d00000)]
=>0x000001ed1f624000 JavaThread "C2 CompilerThread0" daemon [_thread_in_native, id=19000, stack(0x00000079b0d00000,0x00000079b0e00000)]
  0x000001ed1f625000 JavaThread "C1 CompilerThread0" daemon [_thread_blocked, id=6620, stack(0x00000079b0e00000,0x00000079b0f00000)]
  0x000001ed1f62a000 JavaThread "Sweeper thread" daemon [_thread_blocked, id=16660, stack(0x00000079b0f00000,0x00000079b1000000)]
  0x000001ed200d3000 JavaThread "Common-Cleaner" daemon [_thread_blocked, id=17276, stack(0x00000079b1000000,0x00000079b1100000)]
  0x000001ed21468000 JavaThread "Daemon health stats" [_thread_blocked, id=13908, stack(0x00000079b1500000,0x00000079b1600000)]
  0x000001ed2193f000 JavaThread "Incoming local TCP Connector on port 8384" [_thread_in_native, id=3436, stack(0x00000079b1600000,0x00000079b1700000)]
  0x000001ed236cd000 JavaThread "Daemon periodic checks" [_thread_blocked, id=12276, stack(0x00000079b1700000,0x00000079b1800000)]
  0x000001ed213bd800 JavaThread "Daemon" [_thread_blocked, id=13412, stack(0x00000079b1800000,0x00000079b1900000)]
  0x000001ed22399000 JavaThread "Handler for socket connection from /127.0.0.1:8384 to /127.0.0.1:8385" [_thread_in_native, id=5464, stack(0x00000079b1900000,0x00000079b1a00000)]
  0x000001ed2145b000 JavaThread "Cancel handler" [_thread_blocked, id=15968, stack(0x00000079b1a00000,0x00000079b1b00000)]
  0x000001ed20f2b800 JavaThread "Daemon worker" [_thread_in_vm, id=14676, stack(0x00000079b1b00000,0x00000079b1c00000)]
  0x000001ed20f2c800 JavaThread "Asynchronous log dispatcher for DefaultDaemonConnection: socket connection from /127.0.0.1:8384 to /127.0.0.1:8385" [_thread_blocked, id=17464, stack(0x00000079b1c00000,0x00000079b1d00000)]
  0x000001ed22a9f000 JavaThread "Stdin handler" [_thread_blocked, id=11356, stack(0x00000079b1d00000,0x00000079b1e00000)]
  0x000001ed22369000 JavaThread "Daemon client event forwarder" [_thread_blocked, id=7344, stack(0x00000079b1e00000,0x00000079b1f00000)]
  0x000001ed2236a800 JavaThread "Cache worker for journal cache (C:\Users\DELL\.gradle\caches\journal-1)" [_thread_blocked, id=14128, stack(0x00000079b1f00000,0x00000079b2000000)]
  0x000001ed22369800 JavaThread "File lock request listener" [_thread_in_native, id=19132, stack(0x00000079b2000000,0x00000079b2100000)]
  0x000001ed22368000 JavaThread "Cache worker for file hash cache (C:\Users\DELL\.gradle\caches\7.2\fileHashes)" [_thread_blocked, id=18928, stack(0x00000079b2100000,0x00000079b2200000)]
  0x000001ed2236b800 JavaThread "Cache worker for file hash cache (C:\Users\DELL\AndroidStudioProjects\counter\.gradle\7.2\fileHashes)" [_thread_blocked, id=12740, stack(0x00000079b2300000,0x00000079b2400000)]
  0x000001ed2236c000 JavaThread "File watcher server" daemon [_thread_in_native, id=13948, stack(0x00000079b2400000,0x00000079b2500000)]
  0x000001ed22366800 JavaThread "File watcher consumer" daemon [_thread_blocked, id=14684, stack(0x00000079b2500000,0x00000079b2600000)]
  0x000001ed2236d000 JavaThread "Cache worker for checksums cache (C:\Users\DELL\AndroidStudioProjects\counter\.gradle\checksums)" [_thread_blocked, id=11152, stack(0x00000079b1200000,0x00000079b1300000)]
  0x000001ed22367000 JavaThread "Cache worker for cache directory md-supplier (C:\Users\DELL\.gradle\caches\7.2\md-supplier)" [_thread_blocked, id=16548, stack(0x00000079b2600000,0x00000079b2700000)]
  0x000001ed22618000 JavaThread "Cache worker for cache directory md-rule (C:\Users\DELL\.gradle\caches\7.2\md-rule)" [_thread_blocked, id=3004, stack(0x00000079b2700000,0x00000079b2800000)]
  0x000001ed2261a800 JavaThread "Cache worker for execution history cache (C:\Users\DELL\.gradle\caches\7.2\executionHistory)" [_thread_blocked, id=15424, stack(0x00000079b2900000,0x00000079b2a00000)]
  0x000001ed22616800 JavaThread "jar transforms" [_thread_blocked, id=11120, stack(0x00000079b2a00000,0x00000079b2b00000)]
  0x000001ed2261c000 JavaThread "Cache worker for file content cache (C:\Users\DELL\.gradle\caches\7.2\fileContent)" [_thread_blocked, id=14176, stack(0x00000079b2b00000,0x00000079b2c00000)]
  0x000001ed22617000 JavaThread "jar transforms Thread 2" [_thread_blocked, id=15352, stack(0x00000079b2c00000,0x00000079b2d00000)]
  0x000001ed2261d800 JavaThread "Cache worker for dependencies-accessors (C:\Users\DELL\AndroidStudioProjects\counter\.gradle\7.2\dependencies-accessors)" [_thread_blocked, id=16500, stack(0x00000079b2d00000,0x00000079b2e00000)]
  0x000001ed2261e800 JavaThread "jar transforms Thread 3" [_thread_blocked, id=17732, stack(0x00000079b2e00000,0x00000079b2f00000)]
  0x000001ed22618800 JavaThread "Cache worker for Build Output Cleanup Cache (C:\Users\DELL\AndroidStudioProjects\counter\.gradle\buildOutputCleanup)" [_thread_blocked, id=13012, stack(0x00000079b2800000,0x00000079b2900000)]
  0x000001ed2261f800 JavaThread "Unconstrained build operations" [_thread_blocked, id=7664, stack(0x00000079b3000000,0x00000079b3100000)]
  0x000001ed22619800 JavaThread "Unconstrained build operations Thread 2" [_thread_blocked, id=19208, stack(0x00000079b3100000,0x00000079b3200000)]
  0x000001ed22624000 JavaThread "Unconstrained build operations Thread 3" [_thread_blocked, id=14172, stack(0x00000079b3200000,0x00000079b3300000)]
  0x000001ed22623800 JavaThread "Unconstrained build operations Thread 4" [_thread_blocked, id=6132, stack(0x00000079b3300000,0x00000079b3400000)]
  0x000001ed22625000 JavaThread "Unconstrained build operations Thread 5" [_thread_blocked, id=17840, stack(0x00000079b3400000,0x00000079b3500000)]
  0x000001ed22620000 JavaThread "Unconstrained build operations Thread 6" [_thread_blocked, id=9484, stack(0x00000079b3500000,0x00000079b3600000)]
  0x000001ed22621000 JavaThread "Unconstrained build operations Thread 7" [_thread_blocked, id=16620, stack(0x00000079b3600000,0x00000079b3700000)]
  0x000001ed22621800 JavaThread "Unconstrained build operations Thread 8" [_thread_blocked, id=17604, stack(0x00000079b3700000,0x00000079b3800000)]
  0x000001ed22622800 JavaThread "Unconstrained build operations Thread 9" [_thread_blocked, id=18168, stack(0x00000079b3800000,0x00000079b3900000)]
  0x000001ed23dba800 JavaThread "Unconstrained build operations Thread 10" [_thread_blocked, id=4240, stack(0x00000079b3900000,0x00000079b3a00000)]
  0x000001ed23dbc000 JavaThread "Unconstrained build operations Thread 11" [_thread_blocked, id=10208, stack(0x00000079b3a00000,0x00000079b3b00000)]
  0x000001ed23dbe800 JavaThread "Unconstrained build operations Thread 12" [_thread_blocked, id=15396, stack(0x00000079b3b00000,0x00000079b3c00000)]
  0x000001ed23db9000 JavaThread "Unconstrained build operations Thread 13" [_thread_blocked, id=14876, stack(0x00000079b3c00000,0x00000079b3d00000)]
  0x000001ed23dbd000 JavaThread "Unconstrained build operations Thread 14" [_thread_blocked, id=10264, stack(0x00000079b3d00000,0x00000079b3e00000)]
  0x000001ed23dbe000 JavaThread "Unconstrained build operations Thread 15" [_thread_blocked, id=2068, stack(0x00000079b3e00000,0x00000079b3f00000)]
  0x000001ed23dbf800 JavaThread "Unconstrained build operations Thread 16" [_thread_blocked, id=14452, stack(0x00000079b3f00000,0x00000079b4000000)]
  0x000001ed23db9800 JavaThread "Unconstrained build operations Thread 17" [_thread_blocked, id=10596, stack(0x00000079b4000000,0x00000079b4100000)]
  0x000001ed23dc0000 JavaThread "Unconstrained build operations Thread 18" [_thread_blocked, id=13180, stack(0x00000079b4100000,0x00000079b4200000)]
  0x000001ed23dc1000 JavaThread "Unconstrained build operations Thread 19" [_thread_blocked, id=18636, stack(0x00000079b4200000,0x00000079b4300000)]
  0x000001ed23dbb800 JavaThread "Unconstrained build operations Thread 20" [_thread_blocked, id=8848, stack(0x00000079b4300000,0x00000079b4400000)]
  0x000001ed23dc7800 JavaThread "Unconstrained build operations Thread 21" [_thread_blocked, id=9296, stack(0x00000079b4400000,0x00000079b4500000)]
  0x000001ed23dc6800 JavaThread "Unconstrained build operations Thread 22" [_thread_blocked, id=18512, stack(0x00000079b4500000,0x00000079b4600000)]
  0x000001ed23dc2000 JavaThread "Unconstrained build operations Thread 23" [_thread_blocked, id=7912, stack(0x00000079b4600000,0x00000079b4700000)]
  0x000001ed23dc4800 JavaThread "Unconstrained build operations Thread 24" [_thread_blocked, id=7852, stack(0x00000079b4700000,0x00000079b4800000)]
  0x000001ed23dc3800 JavaThread "Unconstrained build operations Thread 25" [_thread_blocked, id=2728, stack(0x00000079b4800000,0x00000079b4900000)]
  0x000001ed23dc2800 JavaThread "Unconstrained build operations Thread 26" [_thread_blocked, id=16628, stack(0x00000079b4900000,0x00000079b4a00000)]
  0x000001ed23dc5000 JavaThread "Unconstrained build operations Thread 27" [_thread_blocked, id=2300, stack(0x00000079b4a00000,0x00000079b4b00000)]
  0x000001ed23dc6000 JavaThread "Unconstrained build operations Thread 28" [_thread_blocked, id=5112, stack(0x00000079b4b00000,0x00000079b4c00000)]
  0x000001ed22ba2000 JavaThread "Unconstrained build operations Thread 29" [_thread_blocked, id=11128, stack(0x00000079b4c00000,0x00000079b4d00000)]
  0x000001ed22b9f800 JavaThread "Unconstrained build operations Thread 30" [_thread_blocked, id=15580, stack(0x00000079b4d00000,0x00000079b4e00000)]
  0x000001ed22b9e800 JavaThread "Unconstrained build operations Thread 31" [_thread_blocked, id=19244, stack(0x00000079b4e00000,0x00000079b4f00000)]
  0x000001ed22ba1000 JavaThread "Unconstrained build operations Thread 32" [_thread_blocked, id=16600, stack(0x00000079b4f00000,0x00000079b5000000)]
  0x000001ed22ba0800 JavaThread "Unconstrained build operations Thread 33" [_thread_blocked, id=1828, stack(0x00000079b5000000,0x00000079b5100000)]
  0x000001ed22b9c000 JavaThread "Unconstrained build operations Thread 34" [_thread_blocked, id=1584, stack(0x00000079b5100000,0x00000079b5200000)]
  0x000001ed22ba3000 JavaThread "Unconstrained build operations Thread 35" [_thread_blocked, id=10144, stack(0x00000079b5200000,0x00000079b5300000)]
  0x000001ed22b9d000 JavaThread "Unconstrained build operations Thread 36" [_thread_blocked, id=14496, stack(0x00000079b5300000,0x00000079b5400000)]
  0x000001ed22ba3800 JavaThread "Unconstrained build operations Thread 37" [_thread_blocked, id=6932, stack(0x00000079b5400000,0x00000079b5500000)]
  0x000001ed22b9e000 JavaThread "Unconstrained build operations Thread 38" [_thread_blocked, id=3348, stack(0x00000079b5500000,0x00000079b5600000)]
  0x000001ed22ba9800 JavaThread "Unconstrained build operations Thread 39" [_thread_blocked, id=18500, stack(0x00000079b5600000,0x00000079b5700000)]
  0x000001ed22baa000 JavaThread "Unconstrained build operations Thread 40" [_thread_blocked, id=16632, stack(0x00000079b5700000,0x00000079b5800000)]
  0x000001ed22ba7800 JavaThread "jar transforms Thread 4" [_thread_blocked, id=11704, stack(0x00000079b5800000,0x00000079b5900000)]
  0x000001ed22ba7000 JavaThread "Memory manager" [_thread_blocked, id=11408, stack(0x00000079b2f00000,0x00000079b3000000)]

Other Threads:
  0x000001ed1f5fb000 VMThread "VM Thread" [stack: 0x00000079b0700000,0x00000079b0800000] [id=4352]
  0x000001ed20104800 WatcherThread [stack: 0x00000079b1100000,0x00000079b1200000] [id=14080]
  0x000001ed05a35800 GCTaskThread "GC Thread#0" [stack: 0x00000079b0200000,0x00000079b0300000] [id=4624]
  0x000001ed203b1000 GCTaskThread "GC Thread#1" [stack: 0x00000079b1300000,0x00000079b1400000] [id=18560]
  0x000001ed204dd000 GCTaskThread "GC Thread#2" [stack: 0x00000079b1400000,0x00000079b1500000] [id=7184]
  0x000001ed222e1800 GCTaskThread "GC Thread#3" [stack: 0x00000079b2200000,0x00000079b2300000] [id=4408]
  0x000001ed05a65000 ConcurrentGCThread "G1 Main Marker" [stack: 0x00000079b0300000,0x00000079b0400000] [id=17984]
  0x000001ed05a66800 ConcurrentGCThread "G1 Conc#0" [stack: 0x00000079b0400000,0x00000079b0500000] [id=15628]
  0x000001ed1f450800 ConcurrentGCThread "G1 Refine#0" [stack: 0x00000079b0500000,0x00000079b0600000] [id=17316]
  0x000001ed1f451800 ConcurrentGCThread "G1 Young RemSet Sampling" [stack: 0x00000079b0600000,0x00000079b0700000] [id=3768]

Threads with active compile tasks:
C2 CompilerThread0  20267 6381 %     4       org.gradle.internal.instantiation.generator.AbstractClassGenerator::inspectType @ 107 (560 bytes)

VM state:not at safepoint (normal execution)

VM Mutex/Monitor currently owned by a thread: None

Heap address: 0x0000000080000000, size: 2048 MB, Compressed Oops mode: 32-bit
Narrow klass base: 0x0000000000000000, Narrow klass shift: 3
Compressed class space size: 1073741824 Address: 0x0000000100000000

Heap:
 garbage-first heap   total 155648K, used 96384K [0x0000000080000000, 0x0000000100000000)
  region size 1024K, 54 young (55296K), 3 survivors (3072K)
 Metaspace       used 63807K, capacity 65312K, committed 65612K, reserved 1110016K
  class space    used 8083K, capacity 8644K, committed 8780K, reserved 1048576K
Heap Regions: E=young(eden), S=young(survivor), O=old, HS=humongous(starts), HC=humongous(continues), CS=collection set, F=free, A=archive, TAMS=top-at-mark-start (previous, next)
|   0|0x0000000080000000, 0x0000000080100000, 0x0000000080100000|100%| O|  |TAMS 0x0000000080100000, 0x0000000080000000| Untracked 
|   1|0x0000000080100000, 0x0000000080200000, 0x0000000080200000|100%| O|  |TAMS 0x0000000080200000, 0x0000000080100000| Untracked 
|   2|0x0000000080200000, 0x0000000080300000, 0x0000000080300000|100%| O|  |TAMS 0x0000000080300000, 0x0000000080200000| Untracked 
|   3|0x0000000080300000, 0x0000000080400000, 0x0000000080400000|100%|HS|  |TAMS 0x0000000080400000, 0x0000000080300000| Complete 
|   4|0x0000000080400000, 0x0000000080500000, 0x0000000080500000|100%|HC|  |TAMS 0x0000000080500000, 0x0000000080400000| Complete 
|   5|0x0000000080500000, 0x0000000080600000, 0x0000000080600000|100%|HC|  |TAMS 0x0000000080600000, 0x0000000080500000| Complete 
|   6|0x0000000080600000, 0x0000000080700000, 0x0000000080700000|100%| O|  |TAMS 0x0000000080700000, 0x0000000080600000| Untracked 
|   7|0x0000000080700000, 0x0000000080800000, 0x0000000080800000|100%| O|  |TAMS 0x0000000080800000, 0x0000000080700000| Untracked 
|   8|0x0000000080800000, 0x0000000080900000, 0x0000000080900000|100%| O|  |TAMS 0x0000000080900000, 0x0000000080800000| Untracked 
|   9|0x0000000080900000, 0x0000000080a00000, 0x0000000080a00000|100%| O|  |TAMS 0x0000000080a00000, 0x0000000080900000| Untracked 
|  10|0x0000000080a00000, 0x0000000080b00000, 0x0000000080b00000|100%| O|  |TAMS 0x0000000080b00000, 0x0000000080a00000| Untracked 
|  11|0x0000000080b00000, 0x0000000080c00000, 0x0000000080c00000|100%| O|  |TAMS 0x0000000080c00000, 0x0000000080b00000| Untracked 
|  12|0x0000000080c00000, 0x0000000080d00000, 0x0000000080d00000|100%| O|  |TAMS 0x0000000080d00000, 0x0000000080c00000| Untracked 
|  13|0x0000000080d00000, 0x0000000080e00000, 0x0000000080e00000|100%| O|  |TAMS 0x0000000080e00000, 0x0000000080d00000| Untracked 
|  14|0x0000000080e00000, 0x0000000080f00000, 0x0000000080f00000|100%| O|  |TAMS 0x0000000080f00000, 0x0000000080e00000| Untracked 
|  15|0x0000000080f00000, 0x0000000081000000, 0x0000000081000000|100%| O|  |TAMS 0x0000000081000000, 0x0000000080f00000| Untracked 
|  16|0x0000000081000000, 0x0000000081100000, 0x0000000081100000|100%| O|  |TAMS 0x0000000081100000, 0x0000000081000000| Untracked 
|  17|0x0000000081100000, 0x0000000081200000, 0x0000000081200000|100%|HS|  |TAMS 0x0000000081200000, 0x0000000081100000| Complete 
|  18|0x0000000081200000, 0x0000000081300000, 0x0000000081300000|100%| O|  |TAMS 0x0000000081300000, 0x0000000081200000| Untracked 
|  19|0x0000000081300000, 0x0000000081400000, 0x0000000081400000|100%| O|  |TAMS 0x0000000081400000, 0x0000000081300000| Untracked 
|  20|0x0000000081400000, 0x0000000081500000, 0x0000000081500000|100%| O|  |TAMS 0x0000000081500000, 0x0000000081400000| Untracked 
|  21|0x0000000081500000, 0x0000000081600000, 0x0000000081600000|100%| O|  |TAMS 0x0000000081600000, 0x0000000081500000| Untracked 
|  22|0x0000000081600000, 0x0000000081700000, 0x0000000081700000|100%| O|  |TAMS 0x0000000081700000, 0x0000000081600000| Untracked 
|  23|0x0000000081700000, 0x0000000081800000, 0x0000000081800000|100%| O|  |TAMS 0x0000000081800000, 0x0000000081700000| Untracked 
|  24|0x0000000081800000, 0x0000000081900000, 0x0000000081900000|100%| O|  |TAMS 0x0000000081900000, 0x0000000081800000| Untracked 
|  25|0x0000000081900000, 0x0000000081a00000, 0x0000000081a00000|100%| O|  |TAMS 0x0000000081a00000, 0x0000000081900000| Untracked 
|  26|0x0000000081a00000, 0x0000000081b00000, 0x0000000081b00000|100%| O|  |TAMS 0x0000000081b00000, 0x0000000081a00000| Untracked 
|  27|0x0000000081b00000, 0x0000000081c00000, 0x0000000081c00000|100%| O|  |TAMS 0x0000000081c00000, 0x0000000081b00000| Untracked 
|  28|0x0000000081c00000, 0x0000000081d00000, 0x0000000081d00000|100%|HS|  |TAMS 0x0000000081d00000, 0x0000000081c00000| Complete 
|  29|0x0000000081d00000, 0x0000000081e00000, 0x0000000081e00000|100%|HS|  |TAMS 0x0000000081e00000, 0x0000000081d00000| Complete 
|  30|0x0000000081e00000, 0x0000000081f00000, 0x0000000081f00000|100%|HS|  |TAMS 0x0000000081f00000, 0x0000000081e00000| Complete 
|  31|0x0000000081f00000, 0x0000000082000000, 0x0000000082000000|100%|HC|  |TAMS 0x0000000082000000, 0x0000000081f00000| Complete 
|  32|0x0000000082000000, 0x0000000082100000, 0x0000000082100000|100%| O|  |TAMS 0x0000000082100000, 0x0000000082000000| Untracked 
|  33|0x0000000082100000, 0x0000000082200000, 0x0000000082200000|100%| O|  |TAMS 0x0000000082200000, 0x0000000082100000| Untracked 
|  34|0x0000000082200000, 0x0000000082300000, 0x0000000082300000|100%| O|  |TAMS 0x0000000082300000, 0x0000000082200000| Untracked 
|  35|0x0000000082300000, 0x0000000082400000, 0x0000000082400000|100%| O|  |TAMS 0x0000000082400000, 0x0000000082300000| Untracked 
|  36|0x0000000082400000, 0x0000000082500000, 0x0000000082500000|100%| O|  |TAMS 0x0000000082500000, 0x0000000082400000| Untracked 
|  37|0x0000000082500000, 0x0000000082600000, 0x0000000082600000|100%| O|  |TAMS 0x0000000082600000, 0x0000000082500000| Untracked 
|  38|0x0000000082600000, 0x0000000082700000, 0x0000000082700000|100%| O|  |TAMS 0x0000000082700000, 0x0000000082600000| Untracked 
|  39|0x0000000082700000, 0x0000000082800000, 0x0000000082800000|100%| O|  |TAMS 0x0000000082800000, 0x0000000082700000| Untracked 
|  40|0x0000000082800000, 0x0000000082900000, 0x0000000082900000|100%| O|  |TAMS 0x0000000082900000, 0x0000000082800000| Untracked 
|  41|0x0000000082900000, 0x0000000082a00000, 0x0000000082a00000|100%| O|  |TAMS 0x0000000082a00000, 0x0000000082900000| Untracked 
|  42|0x0000000082a00000, 0x0000000082a32000, 0x0000000082b00000| 19%| O|  |TAMS 0x0000000082a32000, 0x0000000082a00000| Untracked 
|  43|0x0000000082b00000, 0x0000000082b00000, 0x0000000082c00000|  0%| F|  |TAMS 0x0000000082b00000, 0x0000000082b00000| Untracked 
|  44|0x0000000082c00000, 0x0000000082c00000, 0x0000000082d00000|  0%| F|  |TAMS 0x0000000082c00000, 0x0000000082c00000| Untracked 
|  45|0x0000000082d00000, 0x0000000082d00000, 0x0000000082e00000|  0%| F|  |TAMS 0x0000000082d00000, 0x0000000082d00000| Untracked 
|  46|0x0000000082e00000, 0x0000000082e00000, 0x0000000082f00000|  0%| F|  |TAMS 0x0000000082e00000, 0x0000000082e00000| Untracked 
|  47|0x0000000082f00000, 0x0000000082f00000, 0x0000000083000000|  0%| F|  |TAMS 0x0000000082f00000, 0x0000000082f00000| Untracked 
|  48|0x0000000083000000, 0x0000000083000000, 0x0000000083100000|  0%| F|  |TAMS 0x0000000083000000, 0x0000000083000000| Untracked 
|  49|0x0000000083100000, 0x0000000083100000, 0x0000000083200000|  0%| F|  |TAMS 0x0000000083100000, 0x0000000083100000| Untracked 
|  50|0x0000000083200000, 0x0000000083200000, 0x0000000083300000|  0%| F|  |TAMS 0x0000000083200000, 0x0000000083200000| Untracked 
|  51|0x0000000083300000, 0x0000000083300000, 0x0000000083400000|  0%| F|  |TAMS 0x0000000083300000, 0x0000000083300000| Untracked 
|  52|0x0000000083400000, 0x0000000083400000, 0x0000000083500000|  0%| F|  |TAMS 0x0000000083400000, 0x0000000083400000| Untracked 
|  53|0x0000000083500000, 0x0000000083500000, 0x0000000083600000|  0%| F|  |TAMS 0x0000000083500000, 0x0000000083500000| Untracked 
|  54|0x0000000083600000, 0x0000000083600000, 0x0000000083700000|  0%| F|  |TAMS 0x0000000083600000, 0x0000000083600000| Untracked 
|  55|0x0000000083700000, 0x0000000083700000, 0x0000000083800000|  0%| F|  |TAMS 0x0000000083700000, 0x0000000083700000| Untracked 
|  56|0x0000000083800000, 0x0000000083800000, 0x0000000083900000|  0%| F|  |TAMS 0x0000000083800000, 0x0000000083800000| Untracked 
|  57|0x0000000083900000, 0x0000000083900000, 0x0000000083a00000|  0%| F|  |TAMS 0x0000000083900000, 0x0000000083900000| Untracked 
|  58|0x0000000083a00000, 0x0000000083a00000, 0x0000000083b00000|  0%| F|  |TAMS 0x0000000083a00000, 0x0000000083a00000| Untracked 
|  59|0x0000000083b00000, 0x0000000083b00000, 0x0000000083c00000|  0%| F|  |TAMS 0x0000000083b00000, 0x0000000083b00000| Untracked 
|  60|0x0000000083c00000, 0x0000000083c00000, 0x0000000083d00000|  0%| F|  |TAMS 0x0000000083c00000, 0x0000000083c00000| Untracked 
|  61|0x0000000083d00000, 0x0000000083d00000, 0x0000000083e00000|  0%| F|  |TAMS 0x0000000083d00000, 0x0000000083d00000| Untracked 
|  62|0x0000000083e00000, 0x0000000083e00000, 0x0000000083f00000|  0%| F|  |TAMS 0x0000000083e00000, 0x0000000083e00000| Untracked 
|  63|0x0000000083f00000, 0x0000000083f00000, 0x0000000084000000|  0%| F|  |TAMS 0x0000000083f00000, 0x0000000083f00000| Untracked 
|  64|0x0000000084000000, 0x0000000084000000, 0x0000000084100000|  0%| F|  |TAMS 0x0000000084000000, 0x0000000084000000| Untracked 
|  65|0x0000000084100000, 0x0000000084100000, 0x0000000084200000|  0%| F|  |TAMS 0x0000000084100000, 0x0000000084100000| Untracked 
|  66|0x0000000084200000, 0x0000000084200000, 0x0000000084300000|  0%| F|  |TAMS 0x0000000084200000, 0x0000000084200000| Untracked 
|  67|0x0000000084300000, 0x0000000084300000, 0x0000000084400000|  0%| F|  |TAMS 0x0000000084300000, 0x0000000084300000| Untracked 
|  68|0x0000000084400000, 0x0000000084400000, 0x0000000084500000|  0%| F|  |TAMS 0x0000000084400000, 0x0000000084400000| Untracked 
|  69|0x0000000084500000, 0x0000000084500000, 0x0000000084600000|  0%| F|  |TAMS 0x0000000084500000, 0x0000000084500000| Untracked 
|  70|0x0000000084600000, 0x0000000084600000, 0x0000000084700000|  0%| F|  |TAMS 0x0000000084600000, 0x0000000084600000| Untracked 
|  71|0x0000000084700000, 0x0000000084700000, 0x0000000084800000|  0%| F|  |TAMS 0x0000000084700000, 0x0000000084700000| Untracked 
|  72|0x0000000084800000, 0x0000000084800000, 0x0000000084900000|  0%| F|  |TAMS 0x0000000084800000, 0x0000000084800000| Untracked 
|  73|0x0000000084900000, 0x0000000084900000, 0x0000000084a00000|  0%| F|  |TAMS 0x0000000084900000, 0x0000000084900000| Untracked 
|  74|0x0000000084a00000, 0x0000000084a00000, 0x0000000084b00000|  0%| F|  |TAMS 0x0000000084a00000, 0x0000000084a00000| Untracked 
|  75|0x0000000084b00000, 0x0000000084b00000, 0x0000000084c00000|  0%| F|  |TAMS 0x0000000084b00000, 0x0000000084b00000| Untracked 
|  76|0x0000000084c00000, 0x0000000084c00000, 0x0000000084d00000|  0%| F|  |TAMS 0x0000000084c00000, 0x0000000084c00000| Untracked 
|  77|0x0000000084d00000, 0x0000000084d00000, 0x0000000084e00000|  0%| F|  |TAMS 0x0000000084d00000, 0x0000000084d00000| Untracked 
|  78|0x0000000084e00000, 0x0000000084e00000, 0x0000000084f00000|  0%| F|  |TAMS 0x0000000084e00000, 0x0000000084e00000| Untracked 
|  79|0x0000000084f00000, 0x0000000084f00000, 0x0000000085000000|  0%| F|  |TAMS 0x0000000084f00000, 0x0000000084f00000| Untracked 
|  80|0x0000000085000000, 0x0000000085000000, 0x0000000085100000|  0%| F|  |TAMS 0x0000000085000000, 0x0000000085000000| Untracked 
|  81|0x0000000085100000, 0x0000000085100000, 0x0000000085200000|  0%| F|  |TAMS 0x0000000085100000, 0x0000000085100000| Untracked 
|  82|0x0000000085200000, 0x0000000085200000, 0x0000000085300000|  0%| F|  |TAMS 0x0000000085200000, 0x0000000085200000| Untracked 
|  83|0x0000000085300000, 0x0000000085300000, 0x0000000085400000|  0%| F|  |TAMS 0x0000000085300000, 0x0000000085300000| Untracked 
|  84|0x0000000085400000, 0x0000000085400000, 0x0000000085500000|  0%| F|  |TAMS 0x0000000085400000, 0x0000000085400000| Untracked 
|  85|0x0000000085500000, 0x0000000085500000, 0x0000000085600000|  0%| F|  |TAMS 0x0000000085500000, 0x0000000085500000| Untracked 
|  86|0x0000000085600000, 0x0000000085600000, 0x0000000085700000|  0%| F|  |TAMS 0x0000000085600000, 0x0000000085600000| Untracked 
|  87|0x0000000085700000, 0x0000000085700000, 0x0000000085800000|  0%| F|  |TAMS 0x0000000085700000, 0x0000000085700000| Untracked 
|  88|0x0000000085800000, 0x0000000085800000, 0x0000000085900000|  0%| F|  |TAMS 0x0000000085800000, 0x0000000085800000| Untracked 
|  89|0x0000000085900000, 0x0000000085900000, 0x0000000085a00000|  0%| F|  |TAMS 0x0000000085900000, 0x0000000085900000| Untracked 
|  90|0x0000000085a00000, 0x0000000085a00000, 0x0000000085b00000|  0%| F|  |TAMS 0x0000000085a00000, 0x0000000085a00000| Untracked 
|  91|0x0000000085b00000, 0x0000000085b00000, 0x0000000085c00000|  0%| F|  |TAMS 0x0000000085b00000, 0x0000000085b00000| Untracked 
|  92|0x0000000085c00000, 0x0000000085c00000, 0x0000000085d00000|  0%| F|  |TAMS 0x0000000085c00000, 0x0000000085c00000| Untracked 
|  93|0x0000000085d00000, 0x0000000085dee380, 0x0000000085e00000| 93%| S|CS|TAMS 0x0000000085d00000, 0x0000000085d00000| Complete 
|  94|0x0000000085e00000, 0x0000000085f00000, 0x0000000085f00000|100%| S|CS|TAMS 0x0000000085e00000, 0x0000000085e00000| Complete 
|  95|0x0000000085f00000, 0x0000000086000000, 0x0000000086000000|100%| S|CS|TAMS 0x0000000085f00000, 0x0000000085f00000| Complete 
|  96|0x0000000086000000, 0x0000000086000000, 0x0000000086100000|  0%| F|  |TAMS 0x0000000086000000, 0x0000000086000000| Untracked 
|  97|0x0000000086100000, 0x0000000086100000, 0x0000000086200000|  0%| F|  |TAMS 0x0000000086100000, 0x0000000086100000| Untracked 
|  98|0x0000000086200000, 0x0000000086200000, 0x0000000086300000|  0%| F|  |TAMS 0x0000000086200000, 0x0000000086200000| Untracked 
|  99|0x0000000086300000, 0x0000000086300000, 0x0000000086400000|  0%| F|  |TAMS 0x0000000086300000, 0x0000000086300000| Untracked 
| 100|0x0000000086400000, 0x0000000086400000, 0x0000000086500000|  0%| F|  |TAMS 0x0000000086400000, 0x0000000086400000| Untracked 
| 101|0x0000000086500000, 0x0000000086600000, 0x0000000086600000|100%| E|  |TAMS 0x0000000086500000, 0x0000000086500000| Complete 
| 102|0x0000000086600000, 0x0000000086700000, 0x0000000086700000|100%| E|CS|TAMS 0x0000000086600000, 0x0000000086600000| Complete 
| 103|0x0000000086700000, 0x0000000086800000, 0x0000000086800000|100%| E|CS|TAMS 0x0000000086700000, 0x0000000086700000| Complete 
| 104|0x0000000086800000, 0x0000000086900000, 0x0000000086900000|100%| E|CS|TAMS 0x0000000086800000, 0x0000000086800000| Complete 
| 105|0x0000000086900000, 0x0000000086a00000, 0x0000000086a00000|100%| E|CS|TAMS 0x0000000086900000, 0x0000000086900000| Complete 
| 106|0x0000000086a00000, 0x0000000086b00000, 0x0000000086b00000|100%| E|CS|TAMS 0x0000000086a00000, 0x0000000086a00000| Complete 
| 107|0x0000000086b00000, 0x0000000086c00000, 0x0000000086c00000|100%| E|CS|TAMS 0x0000000086b00000, 0x0000000086b00000| Complete 
| 108|0x0000000086c00000, 0x0000000086d00000, 0x0000000086d00000|100%| E|CS|TAMS 0x0000000086c00000, 0x0000000086c00000| Complete 
| 109|0x0000000086d00000, 0x0000000086e00000, 0x0000000086e00000|100%| E|CS|TAMS 0x0000000086d00000, 0x0000000086d00000| Complete 
| 110|0x0000000086e00000, 0x0000000086f00000, 0x0000000086f00000|100%| E|CS|TAMS 0x0000000086e00000, 0x0000000086e00000| Complete 
| 111|0x0000000086f00000, 0x0000000087000000, 0x0000000087000000|100%| E|CS|TAMS 0x0000000086f00000, 0x0000000086f00000| Complete 
| 112|0x0000000087000000, 0x0000000087100000, 0x0000000087100000|100%| E|CS|TAMS 0x0000000087000000, 0x0000000087000000| Complete 
| 113|0x0000000087100000, 0x0000000087200000, 0x0000000087200000|100%| E|CS|TAMS 0x0000000087100000, 0x0000000087100000| Complete 
| 114|0x0000000087200000, 0x0000000087300000, 0x0000000087300000|100%| E|CS|TAMS 0x0000000087200000, 0x0000000087200000| Complete 
| 115|0x0000000087300000, 0x0000000087400000, 0x0000000087400000|100%| E|CS|TAMS 0x0000000087300000, 0x0000000087300000| Complete 
| 116|0x0000000087400000, 0x0000000087500000, 0x0000000087500000|100%| E|CS|TAMS 0x0000000087400000, 0x0000000087400000| Complete 
| 117|0x0000000087500000, 0x0000000087600000, 0x0000000087600000|100%| E|CS|TAMS 0x0000000087500000, 0x0000000087500000| Complete 
| 118|0x0000000087600000, 0x0000000087700000, 0x0000000087700000|100%| E|CS|TAMS 0x0000000087600000, 0x0000000087600000| Complete 
| 119|0x0000000087700000, 0x0000000087800000, 0x0000000087800000|100%| E|CS|TAMS 0x0000000087700000, 0x0000000087700000| Complete 
| 120|0x0000000087800000, 0x0000000087900000, 0x0000000087900000|100%| E|CS|TAMS 0x0000000087800000, 0x0000000087800000| Complete 
| 121|0x0000000087900000, 0x0000000087a00000, 0x0000000087a00000|100%| E|CS|TAMS 0x0000000087900000, 0x0000000087900000| Complete 
| 122|0x0000000087a00000, 0x0000000087b00000, 0x0000000087b00000|100%| E|CS|TAMS 0x0000000087a00000, 0x0000000087a00000| Complete 
| 123|0x0000000087b00000, 0x0000000087c00000, 0x0000000087c00000|100%| E|CS|TAMS 0x0000000087b00000, 0x0000000087b00000| Complete 
| 124|0x0000000087c00000, 0x0000000087d00000, 0x0000000087d00000|100%| E|CS|TAMS 0x0000000087c00000, 0x0000000087c00000| Complete 
| 125|0x0000000087d00000, 0x0000000087e00000, 0x0000000087e00000|100%| E|CS|TAMS 0x0000000087d00000, 0x0000000087d00000| Complete 
| 126|0x0000000087e00000, 0x0000000087f00000, 0x0000000087f00000|100%| E|CS|TAMS 0x0000000087e00000, 0x0000000087e00000| Complete 
| 127|0x0000000087f00000, 0x0000000088000000, 0x0000000088000000|100%| E|CS|TAMS 0x0000000087f00000, 0x0000000087f00000| Complete 
| 128|0x0000000088000000, 0x0000000088100000, 0x0000000088100000|100%| E|CS|TAMS 0x0000000088000000, 0x0000000088000000| Complete 
| 129|0x0000000088100000, 0x0000000088200000, 0x0000000088200000|100%| E|CS|TAMS 0x0000000088100000, 0x0000000088100000| Complete 
| 130|0x0000000088200000, 0x0000000088300000, 0x0000000088300000|100%| E|CS|TAMS 0x0000000088200000, 0x0000000088200000| Complete 
| 131|0x0000000088300000, 0x0000000088400000, 0x0000000088400000|100%| E|CS|TAMS 0x0000000088300000, 0x0000000088300000| Complete 
| 132|0x0000000088400000, 0x0000000088500000, 0x0000000088500000|100%| E|CS|TAMS 0x0000000088400000, 0x0000000088400000| Complete 
| 133|0x0000000088500000, 0x0000000088600000, 0x0000000088600000|100%| E|CS|TAMS 0x0000000088500000, 0x0000000088500000| Complete 
| 134|0x0000000088600000, 0x0000000088700000, 0x0000000088700000|100%| E|CS|TAMS 0x0000000088600000, 0x0000000088600000| Complete 
| 135|0x0000000088700000, 0x0000000088800000, 0x0000000088800000|100%| E|CS|TAMS 0x0000000088700000, 0x0000000088700000| Complete 
| 136|0x0000000088800000, 0x0000000088900000, 0x0000000088900000|100%| E|CS|TAMS 0x0000000088800000, 0x0000000088800000| Complete 
| 137|0x0000000088900000, 0x0000000088a00000, 0x0000000088a00000|100%| E|CS|TAMS 0x0000000088900000, 0x0000000088900000| Complete 
| 138|0x0000000088a00000, 0x0000000088b00000, 0x0000000088b00000|100%| E|CS|TAMS 0x0000000088a00000, 0x0000000088a00000| Complete 
| 139|0x0000000088b00000, 0x0000000088c00000, 0x0000000088c00000|100%| E|  |TAMS 0x0000000088b00000, 0x0000000088b00000| Complete 
| 140|0x0000000088c00000, 0x0000000088d00000, 0x0000000088d00000|100%| E|CS|TAMS 0x0000000088c00000, 0x0000000088c00000| Complete 
| 141|0x0000000088d00000, 0x0000000088e00000, 0x0000000088e00000|100%| E|CS|TAMS 0x0000000088d00000, 0x0000000088d00000| Complete 
| 142|0x0000000088e00000, 0x0000000088f00000, 0x0000000088f00000|100%| E|CS|TAMS 0x0000000088e00000, 0x0000000088e00000| Complete 
| 143|0x0000000088f00000, 0x0000000089000000, 0x0000000089000000|100%| E|CS|TAMS 0x0000000088f00000, 0x0000000088f00000| Complete 
| 144|0x0000000089000000, 0x0000000089100000, 0x0000000089100000|100%| E|CS|TAMS 0x0000000089000000, 0x0000000089000000| Complete 
| 145|0x0000000089100000, 0x0000000089200000, 0x0000000089200000|100%| E|CS|TAMS 0x0000000089100000, 0x0000000089100000| Complete 
| 146|0x0000000089200000, 0x0000000089300000, 0x0000000089300000|100%| E|CS|TAMS 0x0000000089200000, 0x0000000089200000| Complete 
| 147|0x0000000089300000, 0x0000000089400000, 0x0000000089400000|100%| E|CS|TAMS 0x0000000089300000, 0x0000000089300000| Complete 
| 148|0x0000000089400000, 0x0000000089500000, 0x0000000089500000|100%| E|CS|TAMS 0x0000000089400000, 0x0000000089400000| Complete 
| 149|0x0000000089500000, 0x0000000089600000, 0x0000000089600000|100%| E|CS|TAMS 0x0000000089500000, 0x0000000089500000| Complete 
| 150|0x0000000089600000, 0x0000000089700000, 0x0000000089700000|100%| E|CS|TAMS 0x0000000089600000, 0x0000000089600000| Complete 
| 151|0x0000000089700000, 0x0000000089800000, 0x0000000089800000|100%| E|CS|TAMS 0x0000000089700000, 0x0000000089700000| Complete 

Card table byte_map: [0x000001ed18910000,0x000001ed18d10000] _byte_map_base: 0x000001ed18510000

Marking Bits (Prev, Next): (CMBitMap*) 0x000001ed05a5c590, (CMBitMap*) 0x000001ed05a5c558
 Prev Bits: [0x000001ed1b110000, 0x000001ed1d110000)
 Next Bits: [0x000001ed19110000, 0x000001ed1b110000)

Polling page: 0x000001ed038d0000

Metaspace:

Usage:
  Non-class:     55.34 MB capacity,    54.43 MB ( 98%) used,   769.81 KB (  1%) free+waste,   162.06 KB ( <1%) overhead. 
      Class:      8.44 MB capacity,     7.90 MB ( 94%) used,   482.32 KB (  6%) free+waste,    75.63 KB ( <1%) overhead. 
       Both:     63.78 MB capacity,    62.33 MB ( 98%) used,     1.22 MB (  2%) free+waste,   237.69 KB ( <1%) overhead. 

Virtual space:
  Non-class space:       60.00 MB reserved,      55.50 MB ( 93%) committed 
      Class space:        1.00 GB reserved,       8.57 MB ( <1%) committed 
             Both:        1.06 GB reserved,      64.07 MB (  6%) committed 

Chunk freelists:
   Non-Class:  36.00 KB
       Class:  28.00 KB
        Both:  64.00 KB

MaxMetaspaceSize: 17179869184.00 GB
CompressedClassSpaceSize: 1.00 GB

CodeHeap 'non-profiled nmethods': size=120064Kb used=3728Kb max_used=3728Kb free=116335Kb
 bounds [0x000001ed10fd0000, 0x000001ed11380000, 0x000001ed18510000]
CodeHeap 'profiled nmethods': size=120000Kb used=13634Kb max_used=13634Kb free=106365Kb
 bounds [0x000001ed09aa0000, 0x000001ed0a800000, 0x000001ed10fd0000]
CodeHeap 'non-nmethods': size=5696Kb used=2258Kb max_used=2292Kb free=3437Kb
 bounds [0x000001ed09510000, 0x000001ed09780000, 0x000001ed09aa0000]
 total_blobs=7273 nmethods=6422 adapters=762
 compilation: enabled
              stopped_count=0, restarted_count=0
 full_count=0

Compilation events (20 events):
Event: 20.036 Thread 0x000001ed1f625000 6391       3       org.objectweb.asm.SymbolTable::addConstantNameAndType (137 bytes)
Event: 20.038 Thread 0x000001ed1f625000 nmethod 6391 0x000001ed0a7db490 code [0x000001ed0a7db700, 0x000001ed0a7dbea8]
Event: 20.038 Thread 0x000001ed1f625000 6392       3       org.objectweb.asm.commons.Method::getArgumentTypes (8 bytes)
Event: 20.038 Thread 0x000001ed1f625000 nmethod 6392 0x000001ed0a7dc310 code [0x000001ed0a7dc4c0, 0x000001ed0a7dc5e8]
Event: 20.038 Thread 0x000001ed1f625000 6393       1       com.android.build.gradle.internal.dsl.decorator.DslDecorator$ManagedProperty::getGettersToGenerate (5 bytes)
Event: 20.038 Thread 0x000001ed1f625000 nmethod 6393 0x000001ed11372290 code [0x000001ed11372440, 0x000001ed113724f8]
Event: 20.039 Thread 0x000001ed1f625000 6394       3       org.objectweb.asm.Label::getCanonicalInstance (19 bytes)
Event: 20.039 Thread 0x000001ed1f625000 nmethod 6394 0x000001ed0a7dc690 code [0x000001ed0a7dc840, 0x000001ed0a7dc998]
Event: 20.040 Thread 0x000001ed1f625000 6397       3       org.gradle.internal.reflect.PropertyAccessorType::isIsGetterName (23 bytes)
Event: 20.041 Thread 0x000001ed1f625000 nmethod 6397 0x000001ed0a7dca90 code [0x000001ed0a7dcc60, 0x000001ed0a7dcf88]
Event: 20.041 Thread 0x000001ed1f625000 6398       3       org.gradle.internal.reflect.PropertyAccessorType::of (95 bytes)
Event: 20.044 Thread 0x000001ed1f625000 nmethod 6398 0x000001ed0a7dd110 code [0x000001ed0a7dd440, 0x000001ed0a7de958]
Event: 20.044 Thread 0x000001ed1f625000 6399       2       org.gradle.internal.reflect.PropertyAccessorType::isSetterName (23 bytes)
Event: 20.044 Thread 0x000001ed1f625000 nmethod 6399 0x000001ed0a7def90 code [0x000001ed0a7df140, 0x000001ed0a7df2a8]
Event: 20.072 Thread 0x000001ed1f625000 6400       3       org.objectweb.asm.SymbolTable::addUninitializedType (103 bytes)
Event: 20.073 Thread 0x000001ed1f625000 nmethod 6400 0x000001ed0a7df390 code [0x000001ed0a7df5c0, 0x000001ed0a7dfbf8]
Event: 20.079 Thread 0x000001ed1f625000 6401       3       org.gradle.internal.instantiation.generator.AsmBackedClassGenerator$ClassBuilderImpl::addSetMethod (146 bytes)
Event: 20.081 Thread 0x000001ed1f625000 nmethod 6401 0x000001ed0a7dff10 code [0x000001ed0a7e0200, 0x000001ed0a7e11c8]
Event: 20.143 Thread 0x000001ed1f625000 6402       3       java.lang.invoke.MethodHandles::constant (87 bytes)
Event: 20.145 Thread 0x000001ed1f625000 nmethod 6402 0x000001ed0a7e1710 code [0x000001ed0a7e1a20, 0x000001ed0a7e28f8]

GC Heap History (20 events):
Event: 1.310 GC heap before
{Heap before GC invocations=1 (full 0):
 garbage-first heap   total 129024K, used 19073K [0x0000000080000000, 0x0000000100000000)
  region size 1024K, 13 young (13312K), 2 survivors (2048K)
 Metaspace       used 9894K, capacity 10122K, committed 10368K, reserved 1058816K
  class space    used 1028K, capacity 1102K, committed 1152K, reserved 1048576K
}
Event: 1.313 GC heap after
{Heap after GC invocations=2 (full 0):
 garbage-first heap   total 129024K, used 9426K [0x0000000080000000, 0x0000000100000000)
  region size 1024K, 2 young (2048K), 2 survivors (2048K)
 Metaspace       used 9894K, capacity 10122K, committed 10368K, reserved 1058816K
  class space    used 1028K, capacity 1102K, committed 1152K, reserved 1048576K
}
Event: 1.955 GC heap before
{Heap before GC invocations=2 (full 0):
 garbage-first heap   total 129024K, used 38098K [0x0000000080000000, 0x0000000100000000)
  region size 1024K, 30 young (30720K), 2 survivors (2048K)
 Metaspace       used 10867K, capacity 11077K, committed 11264K, reserved 1058816K
  class space    used 1131K, capacity 1207K, committed 1280K, reserved 1048576K
}
Event: 1.958 GC heap after
{Heap after GC invocations=3 (full 0):
 garbage-first heap   total 129024K, used 11867K [0x0000000080000000, 0x0000000100000000)
  region size 1024K, 3 young (3072K), 3 survivors (3072K)
 Metaspace       used 10867K, capacity 11077K, committed 11264K, reserved 1058816K
  class space    used 1131K, capacity 1207K, committed 1280K, reserved 1048576K
}
Event: 3.529 GC heap before
{Heap before GC invocations=3 (full 0):
 garbage-first heap   total 129024K, used 80475K [0x0000000080000000, 0x0000000100000000)
  region size 1024K, 70 young (71680K), 3 survivors (3072K)
 Metaspace       used 20664K, capacity 21074K, committed 21248K, reserved 1067008K
  class space    used 2531K, capacity 2690K, committed 2816K, reserved 1048576K
}
Event: 3.540 GC heap after
{Heap after GC invocations=4 (full 0):
 garbage-first heap   total 129024K, used 16857K [0x0000000080000000, 0x0000000100000000)
  region size 1024K, 9 young (9216K), 9 survivors (9216K)
 Metaspace       used 20664K, capacity 21074K, committed 21248K, reserved 1067008K
  class space    used 2531K, capacity 2690K, committed 2816K, reserved 1048576K
}
Event: 3.548 GC heap before
{Heap before GC invocations=4 (full 0):
 garbage-first heap   total 129024K, used 16857K [0x0000000080000000, 0x0000000100000000)
  region size 1024K, 10 young (10240K), 9 survivors (9216K)
 Metaspace       used 20719K, capacity 21080K, committed 21248K, reserved 1067008K
  class space    used 2540K, capacity 2692K, committed 2816K, reserved 1048576K
}
Event: 3.555 GC heap after
{Heap after GC invocations=5 (full 0):
 garbage-first heap   total 129024K, used 17713K [0x0000000080000000, 0x0000000100000000)
  region size 1024K, 1 young (1024K), 1 survivors (1024K)
 Metaspace       used 20719K, capacity 21080K, committed 21248K, reserved 1067008K
  class space    used 2540K, capacity 2692K, committed 2816K, reserved 1048576K
}
Event: 4.955 GC heap before
{Heap before GC invocations=6 (full 0):
 garbage-first heap   total 129024K, used 77105K [0x0000000080000000, 0x0000000100000000)
  region size 1024K, 60 young (61440K), 1 survivors (1024K)
 Metaspace       used 26580K, capacity 27123K, committed 27264K, reserved 1073152K
  class space    used 3490K, capacity 3693K, committed 3712K, reserved 1048576K
}
Event: 4.961 GC heap after
{Heap after GC invocations=7 (full 0):
 garbage-first heap   total 129024K, used 19195K [0x0000000080000000, 0x0000000100000000)
  region size 1024K, 3 young (3072K), 3 survivors (3072K)
 Metaspace       used 26580K, capacity 27123K, committed 27264K, reserved 1073152K
  class space    used 3490K, capacity 3693K, committed 3712K, reserved 1048576K
}
Event: 6.214 GC heap before
{Heap before GC invocations=7 (full 0):
 garbage-first heap   total 129024K, used 70395K [0x0000000080000000, 0x0000000100000000)
  region size 1024K, 54 young (55296K), 3 survivors (3072K)
 Metaspace       used 35003K, capacity 35794K, committed 35840K, reserved 1081344K
  class space    used 4543K, capacity 4863K, committed 4864K, reserved 1048576K
}
Event: 6.223 GC heap after
{Heap after GC invocations=8 (full 0):
 garbage-first heap   total 129024K, used 22491K [0x0000000080000000, 0x0000000100000000)
  region size 1024K, 6 young (6144K), 6 survivors (6144K)
 Metaspace       used 35003K, capacity 35794K, committed 35840K, reserved 1081344K
  class space    used 4543K, capacity 4863K, committed 4864K, reserved 1048576K
}
Event: 7.433 GC heap before
{Heap before GC invocations=9 (full 0):
 garbage-first heap   total 129024K, used 90075K [0x0000000080000000, 0x0000000100000000)
  region size 1024K, 70 young (71680K), 6 survivors (6144K)
 Metaspace       used 39964K, capacity 40865K, committed 41036K, reserved 1085440K
  class space    used 5106K, capacity 5439K, committed 5452K, reserved 1048576K
}
Event: 7.447 GC heap after
{Heap after GC invocations=10 (full 0):
 garbage-first heap   total 129024K, used 27690K [0x0000000080000000, 0x0000000100000000)
  region size 1024K, 9 young (9216K), 9 survivors (9216K)
 Metaspace       used 39964K, capacity 40865K, committed 41036K, reserved 1085440K
  class space    used 5106K, capacity 5439K, committed 5452K, reserved 1048576K
}
Event: 9.207 GC heap before
{Heap before GC invocations=10 (full 0):
 garbage-first heap   total 129024K, used 91178K [0x0000000080000000, 0x0000000100000000)
  region size 1024K, 71 young (72704K), 9 survivors (9216K)
 Metaspace       used 45625K, capacity 46740K, committed 47052K, reserved 1089536K
  class space    used 5854K, capacity 6279K, committed 6348K, reserved 1048576K
}
Event: 9.224 GC heap after
{Heap after GC invocations=11 (full 0):
 garbage-first heap   total 155648K, used 29341K [0x0000000080000000, 0x0000000100000000)
  region size 1024K, 3 young (3072K), 3 survivors (3072K)
 Metaspace       used 45625K, capacity 46740K, committed 47052K, reserved 1089536K
  class space    used 5854K, capacity 6279K, committed 6348K, reserved 1048576K
}
Event: 12.579 GC heap before
{Heap before GC invocations=11 (full 0):
 garbage-first heap   total 155648K, used 112285K [0x0000000080000000, 0x0000000100000000)
  region size 1024K, 80 young (81920K), 3 survivors (3072K)
 Metaspace       used 50319K, capacity 51636K, committed 51788K, reserved 1093632K
  class space    used 6393K, capacity 6872K, committed 6988K, reserved 1048576K
}
Event: 12.593 GC heap after
{Heap after GC invocations=12 (full 0):
 garbage-first heap   total 155648K, used 43316K [0x0000000080000000, 0x0000000100000000)
  region size 1024K, 10 young (10240K), 10 survivors (10240K)
 Metaspace       used 50319K, capacity 51636K, committed 51788K, reserved 1093632K
  class space    used 6393K, capacity 6872K, committed 6988K, reserved 1048576K
}
Event: 17.598 GC heap before
{Heap before GC invocations=12 (full 0):
 garbage-first heap   total 155648K, used 99636K [0x0000000080000000, 0x0000000100000000)
  region size 1024K, 66 young (67584K), 10 survivors (10240K)
 Metaspace       used 58720K, capacity 60185K, committed 60236K, reserved 1101824K
  class space    used 7460K, capacity 8009K, committed 8012K, reserved 1048576K
}
Event: 17.621 GC heap after
{Heap after GC invocations=13 (full 0):
 garbage-first heap   total 155648K, used 46208K [0x0000000080000000, 0x0000000100000000)
  region size 1024K, 3 young (3072K), 3 survivors (3072K)
 Metaspace       used 58720K, capacity 60185K, committed 60236K, reserved 1101824K
  class space    used 7460K, capacity 8009K, committed 8012K, reserved 1048576K
}

Deoptimization events (20 events):
Event: 18.430 Thread 0x000001ed20f2b800 DEOPT PACKING pc=0x000001ed0a72d3a8 sp=0x00000079b1bf3720
Event: 18.430 Thread 0x000001ed20f2b800 DEOPT UNPACKING pc=0x000001ed09536dde sp=0x00000079b1bf2bd8 mode 0
Event: 18.431 Thread 0x000001ed20f2b800 DEOPT PACKING pc=0x000001ed0a72d3a8 sp=0x00000079b1bf3720
Event: 18.431 Thread 0x000001ed20f2b800 DEOPT UNPACKING pc=0x000001ed09536dde sp=0x00000079b1bf2bd8 mode 0
Event: 18.431 Thread 0x000001ed20f2b800 DEOPT PACKING pc=0x000001ed0a72d3a8 sp=0x00000079b1bf3720
Event: 18.431 Thread 0x000001ed20f2b800 DEOPT UNPACKING pc=0x000001ed09536dde sp=0x00000079b1bf2bd8 mode 0
Event: 18.432 Thread 0x000001ed20f2b800 DEOPT PACKING pc=0x000001ed0a72d3a8 sp=0x00000079b1bf3720
Event: 18.432 Thread 0x000001ed20f2b800 DEOPT UNPACKING pc=0x000001ed09536dde sp=0x00000079b1bf2bd8 mode 0
Event: 18.434 Thread 0x000001ed20f2b800 DEOPT PACKING pc=0x000001ed0a72d3a8 sp=0x00000079b1bf3720
Event: 18.434 Thread 0x000001ed20f2b800 DEOPT UNPACKING pc=0x000001ed09536dde sp=0x00000079b1bf2bd8 mode 0
Event: 18.434 Thread 0x000001ed20f2b800 DEOPT PACKING pc=0x000001ed0a72d3a8 sp=0x00000079b1bf3720
Event: 18.434 Thread 0x000001ed20f2b800 DEOPT UNPACKING pc=0x000001ed09536dde sp=0x00000079b1bf2bd8 mode 0
Event: 18.439 Thread 0x000001ed20f2b800 DEOPT PACKING pc=0x000001ed0a72d3a8 sp=0x00000079b1bf3720
Event: 18.439 Thread 0x000001ed20f2b800 DEOPT UNPACKING pc=0x000001ed09536dde sp=0x00000079b1bf2bd8 mode 0
Event: 18.454 Thread 0x000001ed20f2b800 DEOPT PACKING pc=0x000001ed0a72d3a8 sp=0x00000079b1bf3a80
Event: 18.454 Thread 0x000001ed20f2b800 DEOPT UNPACKING pc=0x000001ed09536dde sp=0x00000079b1bf2f38 mode 0
Event: 20.040 Thread 0x000001ed20f2b800 Uncommon trap: trap_request=0xffffff4d fr.pc=0x000001ed1128049c relative=0x000000000000033c
Event: 20.040 Thread 0x000001ed20f2b800 Uncommon trap: reason=unstable_if action=reinterpret pc=0x000001ed1128049c method=org.gradle.internal.reflect.PropertyAccessorType.of(Ljava/lang/reflect/Method;)Lorg/gradle/internal/reflect/PropertyAccessorType; @ 56 c2
Event: 20.040 Thread 0x000001ed20f2b800 DEOPT PACKING pc=0x000001ed1128049c sp=0x00000079b1bf7230
Event: 20.040 Thread 0x000001ed20f2b800 DEOPT UNPACKING pc=0x000001ed0953662f sp=0x00000079b1bf71f0 mode 2

Classes redefined (0 events):
No events

Internal exceptions (20 events):
Event: 12.102 Thread 0x000001ed22369000 Exception <a 'java/lang/NoSuchMethodError'{0x00000000859aedf0}: <clinit>> (0x00000000859aedf0) thrown at [./src/hotspot/share/prims/jni.cpp, line 1362]
Event: 12.106 Thread 0x000001ed22369000 Exception <a 'java/lang/NoSuchMethodError'{0x00000000859b9360}: <clinit>> (0x00000000859b9360) thrown at [./src/hotspot/share/prims/jni.cpp, line 1362]
Event: 12.115 Thread 0x000001ed22369000 Exception <a 'java/lang/NoSuchMethodError'{0x00000000859cccf0}: <clinit>> (0x00000000859cccf0) thrown at [./src/hotspot/share/prims/jni.cpp, line 1362]
Event: 12.211 Thread 0x000001ed20f2b800 Exception <a 'java/lang/ClassNotFoundException'{0x00000000858352b0}: build_ia5e76u1i6om0q4hy1igp9exBeanInfo> (0x00000000858352b0) thrown at [./src/hotspot/share/classfile/systemDictionary.cpp, line 231]
Event: 12.212 Thread 0x000001ed20f2b800 Exception <a 'java/lang/ClassNotFoundException'{0x0000000085840248}: build_ia5e76u1i6om0q4hy1igp9exCustomizer> (0x0000000085840248) thrown at [./src/hotspot/share/classfile/systemDictionary.cpp, line 231]
Event: 12.259 Thread 0x000001ed20f2b800 Exception <a 'java/lang/ClassNotFoundException'{0x00000000857c3b58}: org/gradle/api/internal/plugins/DefaultObjectConfigurationActionBeanInfo> (0x00000000857c3b58) thrown at [./src/hotspot/share/classfile/systemDictionary.cpp, line 231]
Event: 12.260 Thread 0x000001ed20f2b800 Exception <a 'java/lang/ClassNotFoundException'{0x00000000857f8c48}: org/gradle/api/internal/plugins/DefaultObjectConfigurationActionCustomizer> (0x00000000857f8c48) thrown at [./src/hotspot/share/classfile/systemDictionary.cpp, line 231]
Event: 12.537 Thread 0x000001ed20f2b800 Exception <a 'java/lang/NoSuchMethodError'{0x0000000084c41ba8}: 'java.lang.Object java.lang.invoke.DirectMethodHandle$Holder.invokeStatic(java.lang.Object, java.lang.Object, java.lang.Object, java.lang.Object, int)'> (0x0000000084c41ba8) thrown at [./src/hotspot/share/interpreter/linkResolver.cpp, line 773]
Event: 12.538 Thread 0x000001ed20f2b800 Exception <a 'java/lang/NoSuchMethodError'{0x0000000084c465a0}: 'java.lang.Object java.lang.invoke.DirectMethodHandle$Holder.invokeSpecial(java.lang.Object, java.lang.Object, java.lang.Object, java.lang.Object, java.lang.Object, int)'> (0x0000000084c465a0) thrown at [./src/hotspot/share/interpreter/linkResolver.cpp, line 773]
Event: 12.538 Thread 0x000001ed20f2b800 Exception <a 'java/lang/NoSuchMethodError'{0x0000000084c4abe0}: 'java.lang.Object java.lang.invoke.Invokers$Holder.linkToTargetMethod(java.lang.Object, java.lang.Object, java.lang.Object, int, java.lang.Object)'> (0x0000000084c4abe0) thrown at [./src/hotspot/share/interpreter/linkResolver.cpp, line 773]
Event: 13.282 Thread 0x000001ed20f2b800 Exception <a 'java/lang/NoSuchMethodError'{0x0000000088a72fe8}: 'java.lang.Object java.lang.invoke.DirectMethodHandle$Holder.invokeSpecial(java.lang.Object, java.lang.Object, int, int, java.lang.Object, java.lang.Object, java.lang.Object)'> (0x0000000088a72fe8) thrown at [./src/hotspot/share/interpreter/linkResolver.cpp, line 773]
Event: 13.282 Thread 0x000001ed20f2b800 Exception <a 'java/lang/NoSuchMethodError'{0x0000000088a77568}: 'java.lang.Object java.lang.invoke.DelegatingMethodHandle$Holder.reinvoke_L(java.lang.Object, int, int, java.lang.Object, java.lang.Object, java.lang.Object)'> (0x0000000088a77568) thrown at [./src/hotspot/share/interpreter/linkResolver.cpp, line 773]
Event: 15.115 Thread 0x000001ed20f2b800 Exception <a 'java/lang/NoSuchMethodError'{0x0000000087ee08e8}: 'int java.lang.invoke.DirectMethodHandle$Holder.invokeInterface(java.lang.Object, java.lang.Object, java.lang.Object, java.lang.Object)'> (0x0000000087ee08e8) thrown at [./src/hotspot/share/interpreter/linkResolver.cpp, line 773]
Event: 16.867 Thread 0x000001ed20f2b800 Exception <a 'java/lang/NoSuchMethodError'{0x0000000086ecada8}: 'void java.lang.invoke.DirectMethodHandle$Holder.invokeInterface(java.lang.Object, java.lang.Object, java.lang.Object, java.lang.Object)'> (0x0000000086ecada8) thrown at [./src/hotspot/share/interpreter/linkResolver.cpp, line 773]
Event: 17.245 Thread 0x000001ed20f2b800 Exception <a 'java/lang/IncompatibleClassChangeError'{0x0000000086565db8}: Found class java.lang.Object, but interface was expected> (0x0000000086565db8) thrown at [./src/hotspot/share/interpreter/linkResolver.cpp, line 839]
Event: 17.406 Thread 0x000001ed20f2b800 Implicit null exception at 0x000001ed112bf154 to 0x000001ed112bf338
Event: 17.406 Thread 0x000001ed20f2b800 Implicit null exception at 0x000001ed111cc55b to 0x000001ed111ce2bc
Event: 17.989 Thread 0x000001ed20f2b800 Implicit null exception at 0x000001ed1122192d to 0x000001ed11221bbc
Event: 18.198 Thread 0x000001ed20f2b800 Implicit null exception at 0x000001ed1113a12c to 0x000001ed1113a2da
Event: 18.537 Thread 0x000001ed20f2b800 Exception <a 'sun/nio/fs/WindowsException'{0x0000000088687ef8}> (0x0000000088687ef8) thrown at [./src/hotspot/share/prims/jni.cpp, line 615]

Events (20 events):
Event: 20.169 loading class com/android/build/gradle/internal/scope/InternalArtifactType$DESUGAR_LIB_EXTERNAL_FILE_LIB_KEEP_RULES
Event: 20.169 loading class com/android/build/gradle/internal/scope/InternalArtifactType$DESUGAR_LIB_EXTERNAL_FILE_LIB_KEEP_RULES done
Event: 20.169 loading class com/android/build/gradle/internal/scope/InternalArtifactType$DESUGAR_LIB_MERGED_KEEP_RULES
Event: 20.169 loading class com/android/build/gradle/internal/scope/InternalArtifactType$DESUGAR_LIB_MERGED_KEEP_RULES done
Event: 20.169 loading class com/android/build/gradle/internal/scope/InternalArtifactType$JAVA_RES
Event: 20.169 loading class com/android/build/gradle/internal/scope/InternalArtifactType$JAVA_RES done
Event: 20.169 loading class com/android/build/gradle/internal/scope/InternalArtifactType$MERGED_JAVA_RES
Event: 20.169 loading class com/android/build/gradle/internal/scope/InternalArtifactType$MERGED_JAVA_RES done
Event: 20.181 loading class com/android/build/gradle/internal/scope/InternalArtifactType$LIBRARY_JAVA_RES
Event: 20.181 loading class com/android/build/gradle/internal/scope/InternalArtifactType$LIBRARY_JAVA_RES done
Event: 20.182 loading class com/android/build/gradle/internal/scope/InternalArtifactType$SHRUNK_JAVA_RES
Event: 20.182 loading class com/android/build/gradle/internal/scope/InternalArtifactType$SHRUNK_JAVA_RES done
Event: 20.182 loading class com/android/build/gradle/internal/scope/InternalArtifactType$FEATURE_SHRUNK_JAVA_RES
Event: 20.182 loading class com/android/build/gradle/internal/scope/InternalArtifactType$FEATURE_SHRUNK_JAVA_RES done
Event: 20.182 loading class com/android/build/gradle/internal/scope/InternalArtifactType$FULL_JAR
Event: 20.182 loading class com/android/build/gradle/internal/scope/InternalArtifactType$FULL_JAR done
Event: 20.182 loading class com/android/build/gradle/internal/scope/InternalArtifactType$SHRUNK_JAR
Event: 20.182 loading class com/android/build/gradle/internal/scope/InternalArtifactType$SHRUNK_JAR done
Event: 20.183 loading class com/android/build/gradle/internal/scope/InternalArtifactType$JACOCO_INSTRUMENTED_CLASSES
Event: 20.183 loading class com/android/build/gradle/internal/scope/InternalArtifactType$JACOCO_INSTRUMENTED_CLASSES done


Dynamic libraries:
0x00007ff6e74a0000 - 0x00007ff6e74aa000 	C:\Program Files\Android\Android Studio\jre\bin\java.exe
0x00007ff8557b0000 - 0x00007ff8559a5000 	C:\Windows\SYSTEM32\ntdll.dll
0x00007ff8546f0000 - 0x00007ff8547ae000 	C:\Windows\System32\KERNEL32.DLL
0x00007ff853540000 - 0x00007ff853808000 	C:\Windows\System32\KERNELBASE.dll
0x00007ff850230000 - 0x00007ff8502c0000 	C:\Windows\SYSTEM32\apphelp.dll
0x00007ff8532f0000 - 0x00007ff8533f0000 	C:\Windows\System32\ucrtbase.dll
0x00007ff8459f0000 - 0x00007ff845a07000 	C:\Program Files\Android\Android Studio\jre\bin\VCRUNTIME140.dll
0x00007ff845360000 - 0x00007ff845379000 	C:\Program Files\Android\Android Studio\jre\bin\jli.dll
0x00007ff854cd0000 - 0x00007ff854e70000 	C:\Windows\System32\USER32.dll
0x00007ff8491c0000 - 0x00007ff84945a000 	C:\Windows\WinSxS\amd64_microsoft.windows.common-controls_6595b64144ccf1df_6.0.19041.1110_none_60b5254171f9507e\COMCTL32.dll
0x00007ff8534a0000 - 0x00007ff8534c2000 	C:\Windows\System32\win32u.dll
0x00007ff854c30000 - 0x00007ff854cce000 	C:\Windows\System32\msvcrt.dll
0x00007ff854160000 - 0x00007ff85418a000 	C:\Windows\System32\GDI32.dll
0x00007ff852f00000 - 0x00007ff85300b000 	C:\Windows\System32\gdi32full.dll
0x00007ff853060000 - 0x00007ff8530fd000 	C:\Windows\System32\msvcp_win.dll
0x00007ff853ab0000 - 0x00007ff853ae0000 	C:\Windows\System32\IMM32.DLL
0x00007ff834d40000 - 0x00007ff834ddd000 	C:\Program Files\Android\Android Studio\jre\bin\msvcp140.dll
0x00007ff807780000 - 0x00007ff808255000 	C:\Program Files\Android\Android Studio\jre\bin\server\jvm.dll
0x00007ff8538c0000 - 0x00007ff85396e000 	C:\Windows\System32\ADVAPI32.dll
0x00007ff854580000 - 0x00007ff85461c000 	C:\Windows\System32\sechost.dll
0x00007ff854e70000 - 0x00007ff854f95000 	C:\Windows\System32\RPCRT4.dll
0x00007ff8546d0000 - 0x00007ff8546d8000 	C:\Windows\System32\PSAPI.DLL
0x00007ff847ca0000 - 0x00007ff847ca9000 	C:\Windows\SYSTEM32\WSOCK32.dll
0x00007ff848f70000 - 0x00007ff848f97000 	C:\Windows\SYSTEM32\WINMM.dll
0x00007ff854810000 - 0x00007ff85487b000 	C:\Windows\System32\WS2_32.dll
0x00007ff84d070000 - 0x00007ff84d07a000 	C:\Windows\SYSTEM32\VERSION.dll
0x00007ff8517b0000 - 0x00007ff8517c2000 	C:\Windows\SYSTEM32\kernel.appcore.dll
0x00007ff84d5c0000 - 0x00007ff84d5d1000 	C:\Program Files\Android\Android Studio\jre\bin\verify.dll
0x00007ff850ce0000 - 0x00007ff850ec4000 	C:\Windows\SYSTEM32\DBGHELP.DLL
0x00007ff84c950000 - 0x00007ff84c97c000 	C:\Windows\SYSTEM32\dbgcore.DLL
0x00007ff853100000 - 0x00007ff853182000 	C:\Windows\System32\bcryptPrimitives.dll
0x00007ff845a20000 - 0x00007ff845a49000 	C:\Program Files\Android\Android Studio\jre\bin\java.dll
0x00007ff84e0e0000 - 0x00007ff84e0eb000 	C:\Program Files\Android\Android Studio\jre\bin\jimage.dll
0x00007ff83b750000 - 0x00007ff83b768000 	C:\Program Files\Android\Android Studio\jre\bin\zip.dll
0x00007ff855020000 - 0x00007ff855764000 	C:\Windows\System32\SHELL32.dll
0x00007ff850fd0000 - 0x00007ff851764000 	C:\Windows\SYSTEM32\windows.storage.dll
0x00007ff8541f0000 - 0x00007ff854544000 	C:\Windows\System32\combase.dll
0x00007ff852870000 - 0x00007ff85289c000 	C:\Windows\SYSTEM32\Wldp.dll
0x00007ff854620000 - 0x00007ff8546cd000 	C:\Windows\System32\SHCORE.dll
0x00007ff8547b0000 - 0x00007ff854805000 	C:\Windows\System32\shlwapi.dll
0x00007ff852e10000 - 0x00007ff852e2f000 	C:\Windows\SYSTEM32\profapi.dll
0x00007ff83b2f0000 - 0x00007ff83b30a000 	C:\Program Files\Android\Android Studio\jre\bin\net.dll
0x00007ff84d080000 - 0x00007ff84d18a000 	C:\Windows\SYSTEM32\WINHTTP.dll
0x00007ff8525d0000 - 0x00007ff85263a000 	C:\Windows\system32\mswsock.dll
0x00007ff83b0f0000 - 0x00007ff83b104000 	C:\Program Files\Android\Android Studio\jre\bin\nio.dll
0x00007ff826c50000 - 0x00007ff826c77000 	C:\Users\DELL\.gradle\native\e1d6ef7f7dcc3fd88c89a11ec53ec762bb8ba0a96d01ffa2cd45eb1d1d8dd5c5\windows-amd64\native-platform.dll
0x00007ff8121f0000 - 0x00007ff812334000 	C:\Users\DELL\.gradle\native\5664cfc778a61ccfe75a443a1ab52a65af34e5dc3c78e0209fed803814484fcb\windows-amd64\native-platform-file-events.dll
0x00007ff84de10000 - 0x00007ff84de1a000 	C:\Program Files\Android\Android Studio\jre\bin\management.dll
0x00007ff84c7a0000 - 0x00007ff84c7ad000 	C:\Program Files\Android\Android Studio\jre\bin\management_ext.dll
0x00007ff8527c0000 - 0x00007ff8527d8000 	C:\Windows\SYSTEM32\CRYPTSP.dll
0x00007ff851f50000 - 0x00007ff851f84000 	C:\Windows\system32\rsaenh.dll
0x00007ff852ed0000 - 0x00007ff852ef7000 	C:\Windows\System32\bcrypt.dll
0x00007ff852d90000 - 0x00007ff852dbe000 	C:\Windows\SYSTEM32\USERENV.dll
0x00007ff8527e0000 - 0x00007ff8527ec000 	C:\Windows\SYSTEM32\CRYPTBASE.dll
0x00007ff8522c0000 - 0x00007ff8522fb000 	C:\Windows\SYSTEM32\IPHLPAPI.DLL
0x00007ff8546e0000 - 0x00007ff8546e8000 	C:\Windows\System32\NSI.dll
0x00007ff84a4d0000 - 0x00007ff84a4e7000 	C:\Windows\SYSTEM32\dhcpcsvc6.DLL
0x00007ff84b690000 - 0x00007ff84b6ad000 	C:\Windows\SYSTEM32\dhcpcsvc.DLL
0x00007ff852300000 - 0x00007ff8523cb000 	C:\Windows\SYSTEM32\DNSAPI.dll

dbghelp: loaded successfully - version: 4.0.5 - missing functions: none
symbol engine: initialized successfully - sym options: 0x614 - pdb path: .;C:\Program Files\Android\Android Studio\jre\bin;C:\Windows\SYSTEM32;C:\Windows\WinSxS\amd64_microsoft.windows.common-controls_6595b64144ccf1df_6.0.19041.1110_none_60b5254171f9507e;C:\Program Files\Android\Android Studio\jre\bin\server;C:\Users\DELL\.gradle\native\e1d6ef7f7dcc3fd88c89a11ec53ec762bb8ba0a96d01ffa2cd45eb1d1d8dd5c5\windows-amd64;C:\Users\DELL\.gradle\native\5664cfc778a61ccfe75a443a1ab52a65af34e5dc3c78e0209fed803814484fcb\windows-amd64

VM Arguments:
jvm_args: --add-opens=java.base/java.util=ALL-UNNAMED --add-opens=java.base/java.lang=ALL-UNNAMED --add-opens=java.base/java.lang.invoke=ALL-UNNAMED --add-opens=java.base/java.util=ALL-UNNAMED --add-opens=java.prefs/java.util.prefs=ALL-UNNAMED --add-opens=java.prefs/java.util.prefs=ALL-UNNAMED --add-opens=java.base/java.nio.charset=ALL-UNNAMED --add-opens=java.base/java.net=ALL-UNNAMED --add-opens=java.base/java.util.concurrent.atomic=ALL-UNNAMED -Xmx2048m -Dfile.encoding=UTF-8 -Duser.country=US -Duser.language=en -Duser.variant 
java_command: org.gradle.launcher.daemon.bootstrap.GradleDaemon 7.2
java_class_path (initial): C:\Users\DELL\.gradle\wrapper\dists\gradle-7.2-bin\2dnblmf4td7x66yl1d74lt32g\gradle-7.2\lib\gradle-launcher-7.2.jar
Launcher Type: SUN_STANDARD

[Global flags]
     intx CICompilerCount                          = 3                                         {product} {ergonomic}
     uint ConcGCThreads                            = 1                                         {product} {ergonomic}
     uint G1ConcRefinementThreads                  = 4                                         {product} {ergonomic}
   size_t G1HeapRegionSize                         = 1048576                                   {product} {ergonomic}
    uintx GCDrainStackTargetSize                   = 64                                        {product} {ergonomic}
   size_t InitialHeapSize                          = 132120576                                 {product} {ergonomic}
   size_t MarkStackSize                            = 4194304                                   {product} {ergonomic}
   size_t MaxHeapSize                              = 2147483648                                {product} {command line}
   size_t MaxNewSize                               = 1287651328                                {product} {ergonomic}
   size_t MinHeapDeltaBytes                        = 1048576                                   {product} {ergonomic}
    uintx NonNMethodCodeHeapSize                   = 5830732                                {pd product} {ergonomic}
    uintx NonProfiledCodeHeapSize                  = 122913754                              {pd product} {ergonomic}
    uintx ProfiledCodeHeapSize                     = 122913754                              {pd product} {ergonomic}
    uintx ReservedCodeCacheSize                    = 251658240                              {pd product} {ergonomic}
     bool SegmentedCodeCache                       = true                                      {product} {ergonomic}
     bool UseCompressedClassPointers               = true                                 {lp64_product} {ergonomic}
     bool UseCompressedOops                        = true                                 {lp64_product} {ergonomic}
     bool UseG1GC                                  = true                                      {product} {ergonomic}
     bool UseLargePagesIndividualAllocation        = false                                  {pd product} {ergonomic}

Logging:
Log output configuration:
 #0: stdout all=warning uptime,level,tags
 #1: stderr all=off uptime,level,tags

Environment Variables:
PATH=C:\Windows\system32;C:\Windows;C:\Windows\System32\Wbem;C:\Windows\System32\WindowsPowerShell\v1.0\;C:\Windows\System32\OpenSSH\;C:\Program Files\Microsoft SQL Server\150\Tools\Binn\;C:\Program Files\Microsoft SQL Server\Client SDK\ODBC\170\Tools\Binn\;C:\Program Files\dotnet\;C:\Program Files\Git\cmd;C:\Users\DELL\anaconda3\Scripts;C:\Users\DELL\anaconda3\Library\bin;C:\Users\DELL\AppData\Local\Microsoft\WindowsApps;C:\Users\DELL\.dotnet\tools;C:\Users\DELL\AppData\Local\Programs\Microsoft VS Code\bin;C:\Users\DELL\AppData\Local\GitHubDesktop\bin
USERNAME=DELL
OS=Windows_NT
PROCESSOR_IDENTIFIER=Intel64 Family 6 Model 142 Stepping 9, GenuineIntel



---------------  S Y S T E M  ---------------

OS: Windows 10 , 64 bit Build 19041 (10.0.19041.1645)
OS uptime: 8 days 6:06 hours

CPU:total 4 (initial active 4) (2 cores per cpu, 2 threads per core) family 6 model 142 stepping 9 microcode 0xec, cmov, cx8, fxsr, mmx, sse, sse2, sse3, ssse3, sse4.1, sse4.2, popcnt, avx, avx2, aes, clmul, erms, 3dnowpref, lzcnt, ht, tsc, tscinvbit, bmi1, bmi2, adx, fma

Memory: 4k page, system-wide physical 8057M (492M free)
TotalPageFile size 23783M (AvailPageFile size 0M)
current process WorkingSet (physical memory assigned to process): 340M, peak: 342M
current process commit charge ("private bytes"): 372M, peak: 375M

vm_info: OpenJDK 64-Bit Server VM (11.0.11+9-b60-7590822) for windows-amd64 JRE (11.0.11+9-b60-7590822), built on Jul 29 2021 21:43:44 by "builder" with MS VC++ 14.0 (VS2015)

END.
